[2024-03-21 09:15:00.777031 +00:00]-[info]: Botik.Boticheck[0]-[threed:15]
     Получено 'Загрузить CSV файл на обработку' сообщение в чате 915534972.
[2024-03-21 09:15:00.789160 +00:00]-[info]: Botik.Boticheck[0]-[threed:15]
     Зарегистрировано 03/21/2024 09:15:00 +00:00
[2024-03-21 09:15:00.790720 +00:00]-[info]: Botik.Boticheck[0]-[threed:15]
     Получено сообщение от нового пользователя.
[2024-03-21 09:15:00.792269 +00:00]-[info]: Botik.Boticheck[0]-[threed:15]
     Получена команда 'Загрузить CSV файл на обработку'.
[2024-03-21 09:15:00.906526 +00:00]-[info]: Botik.Boticheck[0]-[threed:15]
     Запрошен CSV файл.
[2024-03-21 09:15:10.508147 +00:00]-[info]: Botik.Boticheck[0]-[threed:15]
     Получено '' сообщение в чате 915534972.
[2024-03-21 09:15:10.508805 +00:00]-[info]: Botik.Boticheck[0]-[threed:15]
     Зарегистрировано 03/21/2024 09:15:10 +00:00
[2024-03-21 09:15:10.509499 +00:00]-[info]: Botik.Boticheck[0]-[threed:15]
     Получен CSV файл.
[2024-03-21 09:15:11.245687 +00:00]-[info]: Botik.Boticheck[0]-[threed:20]
     Отправлено стартовое меню.
[2024-03-21 09:15:11.245743 +00:00]-[info]: Botik.Boticheck[0]-[threed:20]
     Файл  успешно загружен.
[2024-03-21 10:14:35.743705 +00:00]-[info]: Botik.Boticheck[0]-[threed:12]
     Получено 'Загрузить CSV файл на обработку' сообщение в чате 915534972.
[2024-03-21 10:14:35.755569 +00:00]-[info]: Botik.Boticheck[0]-[threed:12]
     Зарегистрировано 03/21/2024 10:14:35 +00:00
[2024-03-21 10:14:35.757222 +00:00]-[info]: Botik.Boticheck[0]-[threed:12]
     Получено сообщение от нового пользователя.
[2024-03-21 10:14:35.759160 +00:00]-[info]: Botik.Boticheck[0]-[threed:12]
     Получена команда 'Загрузить CSV файл на обработку'.
[2024-03-21 10:14:35.913995 +00:00]-[info]: Botik.Boticheck[0]-[threed:13]
     Запрошен CSV файл.
[2024-03-21 21:15:03.363362 +03:00]-[info]: Botik.Boticheck[0]-[threed:4]
     Получено '' сообщение в чате 915534972.
[2024-03-21 21:15:03.368062 +03:00]-[info]: Botik.Boticheck[0]-[threed:4]
     Зарегистрировано 03/21/2024 21:15:03 +03:00
[2024-03-21 21:15:03.368843 +03:00]-[info]: Botik.Boticheck[0]-[threed:4]
     Получен JSON.
[2024-03-21 21:17:54.673591 +03:00]-[info]: Botik.Boticheck[0]-[threed:14]
     Получено 'CSV' сообщение в чате 915534972.
[2024-03-21 21:17:54.678362 +03:00]-[info]: Botik.Boticheck[0]-[threed:14]
     Зарегистрировано 03/21/2024 21:17:54 +03:00
[2024-03-21 21:17:54.679231 +03:00]-[info]: Botik.Boticheck[0]-[threed:14]
     Получено сообщение от нового пользователя.
[2024-03-21 21:18:03.223516 +03:00]-[info]: Botik.Boticheck[0]-[threed:16]
     Получено '/menu' сообщение в чате 915534972.
[2024-03-21 21:18:03.223740 +03:00]-[info]: Botik.Boticheck[0]-[threed:16]
     Зарегистрировано 03/21/2024 21:18:03 +03:00
[2024-03-21 21:18:03.223774 +03:00]-[info]: Botik.Boticheck[0]-[threed:16]
     Получена команда '/menu'.
[2024-03-21 21:18:03.524021 +03:00]-[info]: Botik.Boticheck[0]-[threed:16]
     Отправлено меню выбора формата файла.
[2024-03-21 21:18:04.834941 +03:00]-[info]: Botik.Boticheck[0]-[threed:12]
     Получено 'CSV' сообщение в чате 915534972.
[2024-03-21 21:18:04.835338 +03:00]-[info]: Botik.Boticheck[0]-[threed:12]
     Зарегистрировано 03/21/2024 21:18:04 +03:00
[2024-03-21 21:18:04.835363 +03:00]-[info]: Botik.Boticheck[0]-[threed:12]
     Запрошен Json файл.
[2024-03-21 21:18:05.091113 +03:00]-[info]: Botik.Boticheck[0]-[threed:19]
     Запрошен CSV файл.
[2024-03-21 21:18:22.411577 +03:00]-[info]: Botik.Boticheck[0]-[threed:16]
     Получено '/help' сообщение в чате 915534972.
[2024-03-21 21:18:22.411810 +03:00]-[info]: Botik.Boticheck[0]-[threed:16]
     Зарегистрировано 03/21/2024 21:18:22 +03:00
[2024-03-21 21:18:22.411839 +03:00]-[info]: Botik.Boticheck[0]-[threed:16]
     Получена команда '/help'.
[2024-03-21 21:18:37.771175 +03:00]-[info]: Botik.Boticheck[0]-[threed:17]
     Получено '/start' сообщение в чате 915534972.
[2024-03-21 21:18:37.771415 +03:00]-[info]: Botik.Boticheck[0]-[threed:17]
     Зарегистрировано 03/21/2024 21:18:37 +03:00
[2024-03-21 21:18:37.771439 +03:00]-[info]: Botik.Boticheck[0]-[threed:17]
     Получена команда '/start'.
[2024-03-21 21:18:38.094179 +03:00]-[info]: Botik.Boticheck[0]-[threed:20]
     Отправлено меню выбора формата файла.
[2024-03-21 21:18:39.463242 +03:00]-[info]: Botik.Boticheck[0]-[threed:19]
     Получено 'JSON' сообщение в чате 915534972.
[2024-03-21 21:18:39.463284 +03:00]-[info]: Botik.Boticheck[0]-[threed:19]
     Зарегистрировано 03/21/2024 21:18:39 +03:00
[2024-03-21 21:18:39.463290 +03:00]-[info]: Botik.Boticheck[0]-[threed:19]
     Запрошен Json файл.
[2024-03-21 21:18:39.664419 +03:00]-[info]: Botik.Boticheck[0]-[threed:21]
     Запрошен JSON файл.
[2024-03-21 21:18:42.116933 +03:00]-[info]: Botik.Boticheck[0]-[threed:10]
     Получено 'rfvrvr' сообщение в чате 915534972.
[2024-03-21 21:18:42.117136 +03:00]-[info]: Botik.Boticheck[0]-[threed:10]
     Зарегистрировано 03/21/2024 21:18:42 +03:00
[2024-03-21 21:18:42.117923 +03:00]-[info]: Botik.Boticheck[0]-[threed:10]
     Получена неизвестная команда.
[2024-03-21 21:18:53.070676 +03:00]-[info]: Botik.Boticheck[0]-[threed:20]
     Получено '' сообщение в чате 915534972.
[2024-03-21 21:18:53.071799 +03:00]-[info]: Botik.Boticheck[0]-[threed:20]
     Зарегистрировано 03/21/2024 21:18:53 +03:00
[2024-03-21 21:18:53.073128 +03:00]-[info]: Botik.Boticheck[0]-[threed:20]
     Получен JSON.
[2024-03-21 21:19:18.786958 +03:00]-[info]: Botik.Boticheck[0]-[threed:21]
     Отправлено стартовое меню.
[2024-03-21 21:19:18.788244 +03:00]-[info]: Botik.Boticheck[0]-[threed:21]
     Файл  успешно загружен.
[2024-03-21 21:19:36.163085 +03:00]-[info]: Botik.Boticheck[0]-[threed:21]
     Получено 'Отсортировать по одному из полей' сообщение в чате 915534972.
[2024-03-21 21:19:36.171377 +03:00]-[info]: Botik.Boticheck[0]-[threed:21]
     Зарегистрировано 03/21/2024 21:19:36 +03:00
[2024-03-21 21:19:36.269450 +03:00]-[info]: Botik.Boticheck[0]-[threed:21]
     Получена команда 'Отсортировать по одному из полей'.
[2024-03-21 21:19:48.756034 +03:00]-[info]: Botik.Boticheck[0]-[threed:20]
     Отправлено меню выбора поля для сортировки.
[2024-03-21 21:19:50.286988 +03:00]-[info]: Botik.Boticheck[0]-[threed:21]
     Получено 'ManufactYear по убыванию' сообщение в чате 915534972.
[2024-03-21 21:19:50.287262 +03:00]-[info]: Botik.Boticheck[0]-[threed:21]
     Зарегистрировано 03/21/2024 21:19:50 +03:00
[2024-03-21 21:19:50.287285 +03:00]-[info]: Botik.Boticheck[0]-[threed:21]
     Получена команда 'ManufactYear по убыванию'.
[2024-03-21 21:20:02.890284 +03:00]-[info]: Botik.Boticheck[0]-[threed:20]
     Список отсортирован по полю ManufactYear в прямом порядке.
[2024-03-21 21:20:05.549183 +03:00]-[info]: Botik.Boticheck[0]-[threed:22]
     Получено '/menu' сообщение в чате 915534972.
[2024-03-21 21:20:05.549387 +03:00]-[info]: Botik.Boticheck[0]-[threed:22]
     Зарегистрировано 03/21/2024 21:20:05 +03:00
[2024-03-21 21:20:05.549403 +03:00]-[info]: Botik.Boticheck[0]-[threed:22]
     Получена команда '/menu'.
[2024-03-21 21:20:16.575198 +03:00]-[info]: Botik.Boticheck[0]-[threed:14]
     Отправлено стартовое меню.
[2024-03-21 21:20:20.151965 +03:00]-[info]: Botik.Boticheck[0]-[threed:20]
     Получено 'Отсортировать по одному из полей' сообщение в чате 915534972.
[2024-03-21 21:20:20.152165 +03:00]-[info]: Botik.Boticheck[0]-[threed:20]
     Зарегистрировано 03/21/2024 21:20:20 +03:00
[2024-03-21 21:20:20.152206 +03:00]-[info]: Botik.Boticheck[0]-[threed:20]
     Получена команда 'Отсортировать по одному из полей'.
[2024-03-21 21:20:32.281323 +03:00]-[info]: Botik.Boticheck[0]-[threed:14]
     Отправлено меню выбора поля для сортировки.
[2024-03-21 21:20:33.589131 +03:00]-[info]: Botik.Boticheck[0]-[threed:19]
     Получено 'ManufactYear по убыванию' сообщение в чате 915534972.
[2024-03-21 21:20:33.589208 +03:00]-[info]: Botik.Boticheck[0]-[threed:19]
     Зарегистрировано 03/21/2024 21:20:33 +03:00
[2024-03-21 21:20:33.589214 +03:00]-[info]: Botik.Boticheck[0]-[threed:19]
     Получена команда 'ManufactYear по убыванию'.
[2024-03-21 21:22:19.855873 +03:00]-[info]: Botik.Boticheck[0]-[threed:3]
     Получено '/menu' сообщение в чате 915534972.
[2024-03-21 21:22:19.855930 +03:00]-[info]: Botik.Boticheck[0]-[threed:3]
     Зарегистрировано 03/21/2024 21:22:19 +03:00
[2024-03-21 21:22:19.855934 +03:00]-[info]: Botik.Boticheck[0]-[threed:3]
     Получена команда '/menu'.
[2024-03-21 21:22:19.952710 +03:00]-[info]: Botik.Boticheck[0]-[threed:21]
     Отправлено стартовое меню.
[2024-03-21 21:22:35.134721 +03:00]-[info]: Botik.Boticheck[0]-[threed:3]
     Получено 'Произвести выборку по одному из полей' сообщение в чате 915534972.
[2024-03-21 21:22:35.144846 +03:00]-[info]: Botik.Boticheck[0]-[threed:3]
     Зарегистрировано 03/21/2024 21:22:35 +03:00
[2024-03-21 21:22:35.144861 +03:00]-[info]: Botik.Boticheck[0]-[threed:3]
     Получена команда 'Произвести выборку по одному из полей'.
[2024-03-21 21:22:40.497408 +03:00]-[info]: Botik.Boticheck[0]-[threed:12]
     Отправлено меню выбора поля для запроса.
[2024-03-21 21:22:43.085747 +03:00]-[info]: Botik.Boticheck[0]-[threed:3]
     Получено 'SculpName' сообщение в чате 915534972.
[2024-03-21 21:22:43.086039 +03:00]-[info]: Botik.Boticheck[0]-[threed:3]
     Зарегистрировано 03/21/2024 21:22:43 +03:00
[2024-03-21 21:22:43.086058 +03:00]-[info]: Botik.Boticheck[0]-[threed:3]
     Получена команда 'SculpName'.
[2024-03-21 21:22:55.180598 +03:00]-[info]: Botik.Boticheck[0]-[threed:3]
     Пользователь выбирает поле SculpName для фильтрации.
[2024-03-21 21:22:55.236391 +03:00]-[info]: Botik.Boticheck[0]-[threed:12]
     Получено 'obubuoyibbuob' сообщение в чате 915534972.
[2024-03-21 21:22:55.236506 +03:00]-[info]: Botik.Boticheck[0]-[threed:12]
     Зарегистрировано 03/21/2024 21:22:55 +03:00
[2024-03-21 21:22:55.237076 +03:00]-[info]: Botik.Boticheck[0]-[threed:12]
     Фильтрация памятников по названию скульптуры.
[2024-03-21 21:22:55.247682 +03:00]-[info]: Botik.Boticheck[0]-[threed:12]
     Совпадений не найдено для фильтрации по названию скульптуры.
[2024-03-21 21:23:02.385824 +03:00]-[info]: Botik.Boticheck[0]-[threed:3]
     Получено '/help' сообщение в чате 915534972.
[2024-03-21 21:23:02.386084 +03:00]-[info]: Botik.Boticheck[0]-[threed:3]
     Зарегистрировано 03/21/2024 21:23:02 +03:00
[2024-03-21 21:23:02.386096 +03:00]-[info]: Botik.Boticheck[0]-[threed:3]
     Фильтрация памятников по названию скульптуры.
[2024-03-21 21:23:02.386190 +03:00]-[info]: Botik.Boticheck[0]-[threed:3]
     Совпадений не найдено для фильтрации по названию скульптуры.
[2024-03-21 21:23:12.617217 +03:00]-[info]: Botik.Boticheck[0]-[threed:10]
     Получено '/start' сообщение в чате 915534972.
[2024-03-21 21:23:12.617386 +03:00]-[info]: Botik.Boticheck[0]-[threed:10]
     Зарегистрировано 03/21/2024 21:23:12 +03:00
[2024-03-21 21:23:12.617408 +03:00]-[info]: Botik.Boticheck[0]-[threed:10]
     Фильтрация памятников по названию скульптуры.
[2024-03-21 21:23:12.617484 +03:00]-[info]: Botik.Boticheck[0]-[threed:10]
     Совпадений не найдено для фильтрации по названию скульптуры.
[2024-03-21 21:31:13.175842 +03:00]-[info]: Botik.Boticheck[0]-[threed:17]
     Получено '/start' сообщение в чате 915534972.
[2024-03-21 21:31:13.185605 +03:00]-[info]: Botik.Boticheck[0]-[threed:17]
     Зарегистрировано 03/21/2024 21:31:13 +03:00
[2024-03-21 21:31:13.187131 +03:00]-[info]: Botik.Boticheck[0]-[threed:17]
     Получено сообщение от нового пользователя.
[2024-03-21 21:31:13.188426 +03:00]-[info]: Botik.Boticheck[0]-[threed:17]
     Получена команда '/start'.
[2024-03-21 21:31:16.766903 +03:00]-[info]: Botik.Boticheck[0]-[threed:16]
     Отправлено меню выбора формата файла.
[2024-03-21 21:31:50.108808 +03:00]-[info]: Botik.Boticheck[0]-[threed:16]
     Получено '/start' сообщение в чате 915534972.
[2024-03-21 21:31:50.129434 +03:00]-[info]: Botik.Boticheck[0]-[threed:16]
     Зарегистрировано 03/21/2024 21:31:50 +03:00
[2024-03-21 21:31:50.130738 +03:00]-[info]: Botik.Boticheck[0]-[threed:16]
     Получено сообщение от нового пользователя.
[2024-03-21 21:31:50.133408 +03:00]-[info]: Botik.Boticheck[0]-[threed:16]
     Получена команда '/start'.
[2024-03-21 21:31:50.693288 +03:00]-[info]: Botik.Boticheck[0]-[threed:17]
     Отправлено меню выбора формата файла.
[2024-03-21 21:31:55.687785 +03:00]-[info]: Botik.Boticheck[0]-[threed:13]
     Получено 'CSV' сообщение в чате 915534972.
[2024-03-21 21:31:55.688026 +03:00]-[info]: Botik.Boticheck[0]-[threed:13]
     Зарегистрировано 03/21/2024 21:31:55 +03:00
[2024-03-21 21:31:55.688733 +03:00]-[info]: Botik.Boticheck[0]-[threed:13]
     Запрошен Json файл.
[2024-03-21 21:31:55.918280 +03:00]-[info]: Botik.Boticheck[0]-[threed:17]
     Запрошен CSV файл.
[2024-03-21 21:32:05.058214 +03:00]-[info]: Botik.Boticheck[0]-[threed:16]
     Получено '' сообщение в чате 915534972.
[2024-03-21 21:32:05.058335 +03:00]-[info]: Botik.Boticheck[0]-[threed:16]
     Зарегистрировано 03/21/2024 21:32:05 +03:00
[2024-03-21 21:32:05.058793 +03:00]-[info]: Botik.Boticheck[0]-[threed:16]
     Получен CSV файл.
[2024-03-21 21:32:06.708880 +03:00]-[info]: Botik.Boticheck[0]-[threed:18]
     Отправлено стартовое меню.
[2024-03-21 21:32:06.708906 +03:00]-[info]: Botik.Boticheck[0]-[threed:18]
     Файл  успешно загружен.
[2024-03-21 21:32:09.981171 +03:00]-[info]: Botik.Boticheck[0]-[threed:19]
     Получено 'Произвести выборку по одному из полей' сообщение в чате 915534972.
[2024-03-21 21:32:09.981511 +03:00]-[info]: Botik.Boticheck[0]-[threed:19]
     Зарегистрировано 03/21/2024 21:32:09 +03:00
[2024-03-21 21:32:09.981540 +03:00]-[info]: Botik.Boticheck[0]-[threed:19]
     Получена команда 'Произвести выборку по одному из полей'.
[2024-03-21 21:32:10.382512 +03:00]-[info]: Botik.Boticheck[0]-[threed:19]
     Отправлено меню выбора поля для запроса.
[2024-03-21 21:32:12.788465 +03:00]-[info]: Botik.Boticheck[0]-[threed:18]
     Получено 'LocationPlace' сообщение в чате 915534972.
[2024-03-21 21:32:12.788552 +03:00]-[info]: Botik.Boticheck[0]-[threed:18]
     Зарегистрировано 03/21/2024 21:32:12 +03:00
[2024-03-21 21:32:12.788561 +03:00]-[info]: Botik.Boticheck[0]-[threed:18]
     Получена команда 'LocationPlace'.
[2024-03-21 21:32:25.233987 +03:00]-[info]: Botik.Boticheck[0]-[threed:10]
     Пользователь выбирает поле LocationPlace для фильтрации.
[2024-03-21 21:32:27.979911 +03:00]-[info]: Botik.Boticheck[0]-[threed:19]
     Получено '/start' сообщение в чате 915534972.
[2024-03-21 21:32:27.980707 +03:00]-[info]: Botik.Boticheck[0]-[threed:19]
     Зарегистрировано 03/21/2024 21:32:27 +03:00
[2024-03-21 21:32:27.980732 +03:00]-[info]: Botik.Boticheck[0]-[threed:19]
     Фильтрация памятников по местоположению.
[2024-03-21 21:32:28.019850 +03:00]-[info]: Botik.Boticheck[0]-[threed:19]
     Совпадений не найдено для фильтрации по местоположению.
[2024-03-21 21:36:38.677737 +03:00]-[info]: Botik.Boticheck[0]-[threed:12]
     Получено '/start' сообщение в чате 915534972.
[2024-03-21 21:36:38.683643 +03:00]-[info]: Botik.Boticheck[0]-[threed:12]
     Зарегистрировано 03/21/2024 21:36:38 +03:00
[2024-03-21 21:36:38.684720 +03:00]-[info]: Botik.Boticheck[0]-[threed:12]
     Получено сообщение от нового пользователя.
[2024-03-21 21:36:38.685862 +03:00]-[info]: Botik.Boticheck[0]-[threed:12]
     Получена команда '/start'.
[2024-03-21 21:36:42.047577 +03:00]-[info]: Botik.Boticheck[0]-[threed:13]
     Отправлено меню выбора формата файла.
[2024-03-21 21:36:43.313579 +03:00]-[info]: Botik.Boticheck[0]-[threed:17]
     Получено 'CSV' сообщение в чате 915534972.
[2024-03-21 21:36:43.313641 +03:00]-[info]: Botik.Boticheck[0]-[threed:17]
     Зарегистрировано 03/21/2024 21:36:43 +03:00
[2024-03-21 21:36:43.314041 +03:00]-[info]: Botik.Boticheck[0]-[threed:17]
     Запрошен Json файл.
[2024-03-21 21:36:43.451849 +03:00]-[info]: Botik.Boticheck[0]-[threed:17]
     Запрошен CSV файл.
[2024-03-21 21:36:50.067022 +03:00]-[info]: Botik.Boticheck[0]-[threed:17]
     Получено '' сообщение в чате 915534972.
[2024-03-21 21:36:50.067213 +03:00]-[info]: Botik.Boticheck[0]-[threed:17]
     Зарегистрировано 03/21/2024 21:36:50 +03:00
[2024-03-21 21:36:50.068984 +03:00]-[info]: Botik.Boticheck[0]-[threed:17]
     Получен CSV файл.
[2024-03-21 21:37:10.897329 +03:00]-[info]: Botik.Boticheck[0]-[threed:16]
     Отправлено стартовое меню.
[2024-03-21 21:37:10.899314 +03:00]-[info]: Botik.Boticheck[0]-[threed:16]
     Файл  успешно загружен.
[2024-03-21 21:37:12.718084 +03:00]-[info]: Botik.Boticheck[0]-[threed:16]
     Получено 'Произвести выборку по одному из полей' сообщение в чате 915534972.
[2024-03-21 21:37:12.718186 +03:00]-[info]: Botik.Boticheck[0]-[threed:16]
     Зарегистрировано 03/21/2024 21:37:12 +03:00
[2024-03-21 21:37:12.718231 +03:00]-[info]: Botik.Boticheck[0]-[threed:16]
     Получена команда 'Произвести выборку по одному из полей'.
[2024-03-21 21:37:25.368342 +03:00]-[info]: Botik.Boticheck[0]-[threed:17]
     Отправлено меню выбора поля для запроса.
[2024-03-21 21:37:33.586233 +03:00]-[info]: Botik.Boticheck[0]-[threed:17]
     Получено '/menu' сообщение в чате 915534972.
[2024-03-21 21:37:33.586440 +03:00]-[info]: Botik.Boticheck[0]-[threed:17]
     Зарегистрировано 03/21/2024 21:37:33 +03:00
[2024-03-21 21:37:33.586471 +03:00]-[info]: Botik.Boticheck[0]-[threed:17]
     Получена команда '/menu'.
[2024-03-21 21:37:34.043054 +03:00]-[info]: Botik.Boticheck[0]-[threed:19]
     Отправлено стартовое меню.
[2024-03-21 21:40:20.192852 +03:00]-[info]: Botik.Boticheck[0]-[threed:7]
     Получено '/start' сообщение в чате 1155364668.
[2024-03-21 21:40:20.200837 +03:00]-[info]: Botik.Boticheck[0]-[threed:7]
     Зарегистрировано 03/21/2024 21:40:20 +03:00
[2024-03-21 21:40:20.202249 +03:00]-[info]: Botik.Boticheck[0]-[threed:7]
     Получено сообщение от нового пользователя.
[2024-03-21 21:40:20.203134 +03:00]-[info]: Botik.Boticheck[0]-[threed:7]
     Получена команда '/start'.
[2024-03-21 21:40:22.800274 +03:00]-[info]: Botik.Boticheck[0]-[threed:26]
     Отправлено меню выбора формата файла.
[2024-03-21 21:40:37.476864 +03:00]-[info]: Botik.Boticheck[0]-[threed:27]
     Получено 'CSV' сообщение в чате 1155364668.
[2024-03-21 21:40:37.477116 +03:00]-[info]: Botik.Boticheck[0]-[threed:27]
     Зарегистрировано 03/21/2024 21:40:37 +03:00
[2024-03-21 21:40:37.478290 +03:00]-[info]: Botik.Boticheck[0]-[threed:27]
     Запрошен Json файл.
[2024-03-21 21:40:49.932932 +03:00]-[info]: Botik.Boticheck[0]-[threed:24]
     Запрошен CSV файл.
[2024-03-21 21:40:49.999659 +03:00]-[info]: Botik.Boticheck[0]-[threed:24]
     Получено '' сообщение в чате 1155364668.
[2024-03-21 21:40:49.999752 +03:00]-[info]: Botik.Boticheck[0]-[threed:24]
     Зарегистрировано 03/21/2024 21:40:49 +03:00
[2024-03-21 21:40:50.000429 +03:00]-[info]: Botik.Boticheck[0]-[threed:24]
     Получен CSV файл.
[2024-03-21 21:40:51.323517 +03:00]-[info]: Botik.Boticheck[0]-[threed:24]
     Отправлено стартовое меню.
[2024-03-21 21:40:51.323723 +03:00]-[info]: Botik.Boticheck[0]-[threed:24]
     Файл  успешно загружен.
[2024-03-21 21:41:34.774547 +03:00]-[info]: Botik.Boticheck[0]-[threed:22]
     Получено 'Произвести выборку по одному из полей' сообщение в чате 1155364668.
[2024-03-21 21:41:34.777392 +03:00]-[info]: Botik.Boticheck[0]-[threed:22]
     Зарегистрировано 03/21/2024 21:41:34 +03:00
[2024-03-21 21:41:34.777399 +03:00]-[info]: Botik.Boticheck[0]-[threed:22]
     Получена команда 'Произвести выборку по одному из полей'.
[2024-03-21 21:41:44.792141 +03:00]-[info]: Botik.Boticheck[0]-[threed:26]
     Отправлено меню выбора поля для запроса.
[2024-03-21 21:41:49.075206 +03:00]-[info]: Botik.Boticheck[0]-[threed:26]
     Получено 'ManufactYear и Material' сообщение в чате 1155364668.
[2024-03-21 21:41:49.075441 +03:00]-[info]: Botik.Boticheck[0]-[threed:26]
     Зарегистрировано 03/21/2024 21:41:49 +03:00
[2024-03-21 21:41:49.075463 +03:00]-[info]: Botik.Boticheck[0]-[threed:26]
     Получена команда 'ManufactYear и Material'.
[2024-03-21 21:41:49.264849 +03:00]-[info]: Botik.Boticheck[0]-[threed:22]
     Пользователь выбирает поля ManufactYear и Material для фильтрации.
[2024-03-21 21:41:53.249250 +03:00]-[info]: Botik.Boticheck[0]-[threed:23]
     Получено 'f f' сообщение в чате 1155364668.
[2024-03-21 21:41:53.249464 +03:00]-[info]: Botik.Boticheck[0]-[threed:23]
     Зарегистрировано 03/21/2024 21:41:53 +03:00
[2024-03-21 21:41:53.251207 +03:00]-[info]: Botik.Boticheck[0]-[threed:23]
     Фильтрация памятников по году изготовления и материалу.
[2024-03-21 21:41:53.251363 +03:00]-[info]: Botik.Boticheck[0]-[threed:23]
     Неверный ввод для года изготовления.
[2024-03-21 21:41:58.487684 +03:00]-[info]: Botik.Boticheck[0]-[threed:22]
     Получено '3 3' сообщение в чате 1155364668.
[2024-03-21 21:41:58.487935 +03:00]-[info]: Botik.Boticheck[0]-[threed:22]
     Зарегистрировано 03/21/2024 21:41:58 +03:00
[2024-03-21 21:41:58.487948 +03:00]-[info]: Botik.Boticheck[0]-[threed:22]
     Фильтрация памятников по году изготовления и материалу.
[2024-03-21 21:41:58.498128 +03:00]-[info]: Botik.Boticheck[0]-[threed:22]
     Совпадений не найдено для фильтрации по году изготовления и материалу.
[2024-03-21 21:42:04.268314 +03:00]-[info]: Botik.Boticheck[0]-[threed:22]
     Получено '9 а' сообщение в чате 1155364668.
[2024-03-21 21:42:04.269401 +03:00]-[info]: Botik.Boticheck[0]-[threed:22]
     Зарегистрировано 03/21/2024 21:42:04 +03:00
[2024-03-21 21:42:04.269418 +03:00]-[info]: Botik.Boticheck[0]-[threed:22]
     Фильтрация памятников по году изготовления и материалу.
[2024-03-21 21:42:25.860337 +03:00]-[info]: Botik.Boticheck[0]-[threed:26]
     Получено '/menu' сообщение в чате 1155364668.
[2024-03-21 21:42:25.860610 +03:00]-[info]: Botik.Boticheck[0]-[threed:26]
     Зарегистрировано 03/21/2024 21:42:25 +03:00
[2024-03-21 21:42:25.860617 +03:00]-[info]: Botik.Boticheck[0]-[threed:26]
     Получена команда '/menu'.
[2024-03-21 21:42:26.034881 +03:00]-[info]: Botik.Boticheck[0]-[threed:23]
     Отправлено стартовое меню.
[2024-03-21 21:42:40.324660 +03:00]-[info]: Botik.Boticheck[0]-[threed:26]
     Получено 'Загрузить CSV файл на обработку' сообщение в чате 1155364668.
[2024-03-21 21:42:40.324933 +03:00]-[info]: Botik.Boticheck[0]-[threed:26]
     Зарегистрировано 03/21/2024 21:42:40 +03:00
[2024-03-21 21:42:40.324940 +03:00]-[info]: Botik.Boticheck[0]-[threed:26]
     Получена команда 'Загрузить CSV файл на обработку'.
[2024-03-21 21:42:40.505480 +03:00]-[info]: Botik.Boticheck[0]-[threed:23]
     Запрошен CSV файл.
[2024-03-21 21:42:45.119909 +03:00]-[info]: Botik.Boticheck[0]-[threed:19]
     Получено '/help' сообщение в чате 1155364668.
[2024-03-21 21:42:45.120133 +03:00]-[info]: Botik.Boticheck[0]-[threed:19]
     Зарегистрировано 03/21/2024 21:42:45 +03:00
[2024-03-21 21:42:45.120139 +03:00]-[info]: Botik.Boticheck[0]-[threed:19]
     Получена команда '/help'.
[2024-03-21 21:43:28.901654 +03:00]-[info]: Botik.Boticheck[0]-[threed:23]
     Получено '/menu' сообщение в чате 1155364668.
[2024-03-21 21:43:28.901974 +03:00]-[info]: Botik.Boticheck[0]-[threed:23]
     Зарегистрировано 03/21/2024 21:43:28 +03:00
[2024-03-21 21:43:28.901978 +03:00]-[info]: Botik.Boticheck[0]-[threed:23]
     Получена команда '/menu'.
[2024-03-21 21:43:36.986543 +03:00]-[info]: Botik.Boticheck[0]-[threed:21]
     Отправлено меню выбора формата файла.
[2024-03-21 21:44:07.652841 +03:00]-[info]: Botik.Boticheck[0]-[threed:21]
     Получено 'CSV' сообщение в чате 1155364668.
[2024-03-21 21:44:07.657705 +03:00]-[info]: Botik.Boticheck[0]-[threed:21]
     Зарегистрировано 03/21/2024 21:44:07 +03:00
[2024-03-21 21:44:07.657715 +03:00]-[info]: Botik.Boticheck[0]-[threed:21]
     Запрошен Json файл.
[2024-03-21 21:44:20.375541 +03:00]-[info]: Botik.Boticheck[0]-[threed:17]
     Запрошен CSV файл.
[2024-03-21 21:44:21.918288 +03:00]-[info]: Botik.Boticheck[0]-[threed:21]
     Получено '' сообщение в чате 1155364668.
[2024-03-21 21:44:21.918464 +03:00]-[info]: Botik.Boticheck[0]-[threed:21]
     Зарегистрировано 03/21/2024 21:44:21 +03:00
[2024-03-21 21:44:21.918799 +03:00]-[info]: Botik.Boticheck[0]-[threed:21]
     Получен CSV файл.
[2024-03-21 21:44:23.186841 +03:00]-[info]: Botik.Boticheck[0]-[threed:13]
     Отправлено стартовое меню.
[2024-03-21 21:44:23.186869 +03:00]-[info]: Botik.Boticheck[0]-[threed:13]
     Файл  успешно загружен.
[2024-03-21 21:44:38.890118 +03:00]-[info]: Botik.Boticheck[0]-[threed:29]
     Получено 'Отсортировать по одному из полей' сообщение в чате 1155364668.
[2024-03-21 21:44:38.892164 +03:00]-[info]: Botik.Boticheck[0]-[threed:29]
     Зарегистрировано 03/21/2024 21:44:38 +03:00
[2024-03-21 21:44:38.892173 +03:00]-[info]: Botik.Boticheck[0]-[threed:29]
     Получена команда 'Отсортировать по одному из полей'.
[2024-03-21 21:44:49.210273 +03:00]-[info]: Botik.Boticheck[0]-[threed:17]
     Отправлено меню выбора поля для сортировки.
[2024-03-21 21:44:51.761600 +03:00]-[info]: Botik.Boticheck[0]-[threed:13]
     Получено 'ManufactYear по убыванию' сообщение в чате 1155364668.
[2024-03-21 21:44:51.762072 +03:00]-[info]: Botik.Boticheck[0]-[threed:13]
     Зарегистрировано 03/21/2024 21:44:51 +03:00
[2024-03-21 21:44:51.762082 +03:00]-[info]: Botik.Boticheck[0]-[threed:13]
     Получена команда 'ManufactYear по убыванию'.
[2024-03-21 21:44:52.014119 +03:00]-[info]: Botik.Boticheck[0]-[threed:17]
     Список отсортирован по полю ManufactYear в прямом порядке.
[2024-03-21 21:44:59.188164 +03:00]-[info]: Botik.Boticheck[0]-[threed:17]
     Получено '/menu' сообщение в чате 1155364668.
[2024-03-21 21:44:59.188375 +03:00]-[info]: Botik.Boticheck[0]-[threed:17]
     Зарегистрировано 03/21/2024 21:44:59 +03:00
[2024-03-21 21:44:59.188385 +03:00]-[info]: Botik.Boticheck[0]-[threed:17]
     Получена команда '/menu'.
[2024-03-21 21:44:59.392951 +03:00]-[info]: Botik.Boticheck[0]-[threed:17]
     Отправлено стартовое меню.
[2024-03-21 21:45:02.973454 +03:00]-[info]: Botik.Boticheck[0]-[threed:28]
     Получено 'Скачать обработанный файл в формате CSV или JSON' сообщение в чате 1155364668.
[2024-03-21 21:45:02.973710 +03:00]-[info]: Botik.Boticheck[0]-[threed:28]
     Зарегистрировано 03/21/2024 21:45:02 +03:00
[2024-03-21 21:45:02.973729 +03:00]-[info]: Botik.Boticheck[0]-[threed:28]
     Получена команда 'Скачать обработанный файл в формате CSV или JSON'.
[2024-03-21 21:45:03.170512 +03:00]-[info]: Botik.Boticheck[0]-[threed:23]
     Отправлено меню выбора формата файла для скачивания.
[2024-03-21 21:45:50.979995 +03:00]-[info]: Botik.Boticheck[0]-[threed:16]
     Получено 'Скачать в формате JSON' сообщение в чате 1155364668.
[2024-03-21 21:45:50.987497 +03:00]-[info]: Botik.Boticheck[0]-[threed:16]
     Зарегистрировано 03/21/2024 21:45:50 +03:00
[2024-03-21 21:45:50.988739 +03:00]-[info]: Botik.Boticheck[0]-[threed:16]
     Получено сообщение от нового пользователя.
[2024-03-21 21:45:50.989792 +03:00]-[info]: Botik.Boticheck[0]-[threed:16]
     Получена команда 'Скачать в формате JSON'.
[2024-03-21 21:45:54.208992 +03:00]-[info]: Botik.Boticheck[0]-[threed:15]
     Получено '/start' сообщение в чате 1155364668.
[2024-03-21 21:45:54.212300 +03:00]-[info]: Botik.Boticheck[0]-[threed:15]
     Зарегистрировано 03/21/2024 21:45:54 +03:00
[2024-03-21 21:45:54.212509 +03:00]-[info]: Botik.Boticheck[0]-[threed:15]
     Получена команда '/start'.
[2024-03-21 21:45:54.435512 +03:00]-[info]: Botik.Boticheck[0]-[threed:15]
     Отправлено меню выбора формата файла.
[2024-03-21 21:45:56.449814 +03:00]-[info]: Botik.Boticheck[0]-[threed:16]
     Получено 'CSV' сообщение в чате 1155364668.
[2024-03-21 21:45:56.449923 +03:00]-[info]: Botik.Boticheck[0]-[threed:16]
     Зарегистрировано 03/21/2024 21:45:56 +03:00
[2024-03-21 21:45:56.450507 +03:00]-[info]: Botik.Boticheck[0]-[threed:16]
     Запрошен Json файл.
[2024-03-21 21:45:56.535822 +03:00]-[info]: Botik.Boticheck[0]-[threed:14]
     Запрошен CSV файл.
[2024-03-21 21:46:02.324207 +03:00]-[info]: Botik.Boticheck[0]-[threed:16]
     Получено '' сообщение в чате 1155364668.
[2024-03-21 21:46:02.324457 +03:00]-[info]: Botik.Boticheck[0]-[threed:16]
     Зарегистрировано 03/21/2024 21:46:02 +03:00
[2024-03-21 21:46:02.325166 +03:00]-[info]: Botik.Boticheck[0]-[threed:16]
     Получен CSV файл.
[2024-03-21 21:46:02.872309 +03:00]-[info]: Botik.Boticheck[0]-[threed:14]
     Отправлено стартовое меню.
[2024-03-21 21:46:02.872324 +03:00]-[info]: Botik.Boticheck[0]-[threed:14]
     Файл  успешно загружен.
[2024-03-21 21:46:09.062945 +03:00]-[info]: Botik.Boticheck[0]-[threed:15]
     Получено 'Скачать обработанный файл в формате CSV или JSON' сообщение в чате 1155364668.
[2024-03-21 21:46:09.063254 +03:00]-[info]: Botik.Boticheck[0]-[threed:15]
     Зарегистрировано 03/21/2024 21:46:09 +03:00
[2024-03-21 21:46:09.063290 +03:00]-[info]: Botik.Boticheck[0]-[threed:15]
     Получена команда 'Скачать обработанный файл в формате CSV или JSON'.
[2024-03-21 21:46:09.188904 +03:00]-[info]: Botik.Boticheck[0]-[threed:14]
     Отправлено меню выбора формата файла для скачивания.
[2024-03-21 21:46:10.479860 +03:00]-[info]: Botik.Boticheck[0]-[threed:14]
     Получено 'Скачать в формате JSON' сообщение в чате 1155364668.
[2024-03-21 21:46:10.479899 +03:00]-[info]: Botik.Boticheck[0]-[threed:14]
     Зарегистрировано 03/21/2024 21:46:10 +03:00
[2024-03-21 21:46:10.479904 +03:00]-[info]: Botik.Boticheck[0]-[threed:14]
     Получена команда 'Скачать в формате JSON'.
[2024-03-21 21:46:11.183755 +03:00]-[info]: Botik.Boticheck[0]-[threed:19]
     JSON файл успешно отправлен пользователю.
[2024-03-21 21:47:47.513777 +03:00]-[info]: Botik.Boticheck[0]-[threed:20]
     Получено '/menu' сообщение в чате 1155364668.
[2024-03-21 21:47:47.514933 +03:00]-[info]: Botik.Boticheck[0]-[threed:20]
     Зарегистрировано 03/21/2024 21:47:47 +03:00
[2024-03-21 21:47:47.514961 +03:00]-[info]: Botik.Boticheck[0]-[threed:20]
     Получена команда '/menu'.
[2024-03-21 21:47:59.366385 +03:00]-[info]: Botik.Boticheck[0]-[threed:23]
     Отправлено стартовое меню.
[2024-03-21 21:48:11.435330 +03:00]-[info]: Botik.Boticheck[0]-[threed:23]
     Получено 'Произвести выборку по одному из полей' сообщение в чате 1155364668.
[2024-03-21 21:48:11.436574 +03:00]-[info]: Botik.Boticheck[0]-[threed:23]
     Зарегистрировано 03/21/2024 21:48:11 +03:00
[2024-03-21 21:48:11.436590 +03:00]-[info]: Botik.Boticheck[0]-[threed:23]
     Получена команда 'Произвести выборку по одному из полей'.
[2024-03-21 21:48:13.650040 +03:00]-[info]: Botik.Boticheck[0]-[threed:23]
     Отправлено меню выбора поля для запроса.
[2024-03-21 21:48:15.190394 +03:00]-[info]: Botik.Boticheck[0]-[threed:21]
     Получено 'SculpName' сообщение в чате 1155364668.
[2024-03-21 21:48:15.190564 +03:00]-[info]: Botik.Boticheck[0]-[threed:21]
     Зарегистрировано 03/21/2024 21:48:15 +03:00
[2024-03-21 21:48:15.190573 +03:00]-[info]: Botik.Boticheck[0]-[threed:21]
     Получена команда 'SculpName'.
[2024-03-21 21:48:27.868513 +03:00]-[info]: Botik.Boticheck[0]-[threed:21]
     Пользователь выбирает поле SculpName для фильтрации.
[2024-03-21 21:48:27.944193 +03:00]-[info]: Botik.Boticheck[0]-[threed:17]
     Получено 'чурка' сообщение в чате 1155364668.
[2024-03-21 21:48:27.944277 +03:00]-[info]: Botik.Boticheck[0]-[threed:17]
     Зарегистрировано 03/21/2024 21:48:27 +03:00
[2024-03-21 21:48:27.944290 +03:00]-[info]: Botik.Boticheck[0]-[threed:17]
     Фильтрация памятников по названию скульптуры.
[2024-03-21 21:48:27.947549 +03:00]-[info]: Botik.Boticheck[0]-[threed:17]
     Совпадений не найдено для фильтрации по названию скульптуры.
[2024-03-21 21:50:26.709652 +03:00]-[info]: Botik.Boticheck[0]-[threed:23]
     Получено '/start' сообщение в чате 1155364668.
[2024-03-21 21:50:26.709825 +03:00]-[info]: Botik.Boticheck[0]-[threed:23]
     Зарегистрировано 03/21/2024 21:50:26 +03:00
[2024-03-21 21:50:26.709843 +03:00]-[info]: Botik.Boticheck[0]-[threed:23]
     Получена команда '/start'.
[2024-03-21 21:50:33.107856 +03:00]-[info]: Botik.Boticheck[0]-[threed:25]
     Отправлено меню выбора формата файла.
[2024-03-21 21:50:38.278781 +03:00]-[info]: Botik.Boticheck[0]-[threed:27]
     Получено 'JSON' сообщение в чате 1155364668.
[2024-03-21 21:50:38.278982 +03:00]-[info]: Botik.Boticheck[0]-[threed:27]
     Зарегистрировано 03/21/2024 21:50:38 +03:00
[2024-03-21 21:50:38.278995 +03:00]-[info]: Botik.Boticheck[0]-[threed:27]
     Запрошен Json файл.
[2024-03-21 21:50:47.362371 +03:00]-[info]: Botik.Boticheck[0]-[threed:27]
     Запрошен JSON файл.
[2024-03-21 21:50:47.420212 +03:00]-[info]: Botik.Boticheck[0]-[threed:27]
     Получено '' сообщение в чате 1155364668.
[2024-03-21 21:50:47.421837 +03:00]-[info]: Botik.Boticheck[0]-[threed:27]
     Зарегистрировано 03/21/2024 21:50:47 +03:00
[2024-03-21 21:50:47.422347 +03:00]-[info]: Botik.Boticheck[0]-[threed:27]
     Получен JSON.
[2024-03-21 21:50:48.236887 +03:00]-[info]: Botik.Boticheck[0]-[threed:30]
     Отправлено стартовое меню.
[2024-03-21 21:50:48.236907 +03:00]-[info]: Botik.Boticheck[0]-[threed:30]
     Файл  успешно загружен.
[2024-03-21 21:50:55.279681 +03:00]-[info]: Botik.Boticheck[0]-[threed:24]
     Получено 'Отсортировать по одному из полей' сообщение в чате 1155364668.
[2024-03-21 21:50:55.279959 +03:00]-[info]: Botik.Boticheck[0]-[threed:24]
     Зарегистрировано 03/21/2024 21:50:55 +03:00
[2024-03-21 21:50:55.279977 +03:00]-[info]: Botik.Boticheck[0]-[threed:24]
     Получена команда 'Отсортировать по одному из полей'.
[2024-03-21 21:51:01.841670 +03:00]-[info]: Botik.Boticheck[0]-[threed:25]
     Отправлено меню выбора поля для сортировки.
[2024-03-21 21:51:05.052655 +03:00]-[info]: Botik.Boticheck[0]-[threed:24]
     Получено 'SculpName по алфавиту в прямом порядке' сообщение в чате 1155364668.
[2024-03-21 21:51:05.063469 +03:00]-[info]: Botik.Boticheck[0]-[threed:24]
     Зарегистрировано 03/21/2024 21:51:05 +03:00
[2024-03-21 21:51:05.063493 +03:00]-[info]: Botik.Boticheck[0]-[threed:24]
     Получена команда 'SculpName по алфавиту в прямом порядке'.
[2024-03-21 21:51:16.261077 +03:00]-[info]: Botik.Boticheck[0]-[threed:27]
     Список отсортирован по полю SculpName в прямом порядке.
[2024-03-21 21:51:19.918540 +03:00]-[info]: Botik.Boticheck[0]-[threed:30]
     Получено '/menu' сообщение в чате 1155364668.
[2024-03-21 21:51:19.919039 +03:00]-[info]: Botik.Boticheck[0]-[threed:30]
     Зарегистрировано 03/21/2024 21:51:19 +03:00
[2024-03-21 21:51:19.919069 +03:00]-[info]: Botik.Boticheck[0]-[threed:30]
     Получена команда '/menu'.
[2024-03-21 21:51:20.008907 +03:00]-[info]: Botik.Boticheck[0]-[threed:25]
     Отправлено стартовое меню.
[2024-03-21 21:51:25.833352 +03:00]-[info]: Botik.Boticheck[0]-[threed:30]
     Получено 'Загрузить CSV файл на обработку' сообщение в чате 1155364668.
[2024-03-21 21:51:25.833607 +03:00]-[info]: Botik.Boticheck[0]-[threed:30]
     Зарегистрировано 03/21/2024 21:51:25 +03:00
[2024-03-21 21:51:25.833678 +03:00]-[info]: Botik.Boticheck[0]-[threed:30]
     Получена команда 'Загрузить CSV файл на обработку'.
[2024-03-21 21:51:25.945170 +03:00]-[info]: Botik.Boticheck[0]-[threed:27]
     Запрошен CSV файл.
[2024-03-21 21:51:44.692695 +03:00]-[info]: Botik.Boticheck[0]-[threed:25]
     Получено '' сообщение в чате 1155364668.
[2024-03-21 21:51:44.693179 +03:00]-[info]: Botik.Boticheck[0]-[threed:25]
     Зарегистрировано 03/21/2024 21:51:44 +03:00
[2024-03-21 21:51:44.693210 +03:00]-[info]: Botik.Boticheck[0]-[threed:25]
     Отправлен файл с неккоректным разширением.
